2022.11.27 13:44:49 INFO  tracing is disabled for protocol LSP, to enable tracing of incoming and outgoing JSON messages create an empty file at c:\Users\Matt\sync\homeCloud\git\adventOfCode\sessions\20221127\.metals\lsp.trace.json or C:\Users\Matt\AppData\Local\scalameta\metals\cache\lsp.trace.json
2022.11.27 13:44:50 INFO  logging to file C:\Users\Matt\sync\homeCloud\git\adventOfCode\sessions\20221127\.metals\metals.log
2022.11.27 13:44:50 INFO  Started: Metals version 0.11.9 in workspace 'C:\Users\Matt\sync\homeCloud\git\adventOfCode\sessions\20221127' for client Visual Studio Code 1.73.1.
2022.11.27 13:44:54 INFO  time: initialize in 4.07s
2022.11.27 13:44:55 WARN  Build server is not auto-connectable.
2022.11.27 13:44:55 WARN  no build tool detected in workspace 'C:\Users\Matt\sync\homeCloud\git\adventOfCode\sessions\20221127'. The most common cause for this problem is that the editor was opened in the wrong working directory, for example if you use sbt then the workspace directory should contain build.sbt. 
2022.11.27 13:44:55 WARN  no build target for: C:\Users\Matt\sync\homeCloud\git\adventOfCode\sessions\20221127\scala-3-project-template\build.sbt
Nov 27, 2022 1:44:55 PM org.eclipse.lsp4j.jsonrpc.RemoteEndpoint handleCancellation
WARNING: Unmatched cancel notification for request id 2
Nov 27, 2022 1:44:55 PM org.eclipse.lsp4j.jsonrpc.RemoteEndpoint handleCancellation
WARNING: Unmatched cancel notification for request id 3
Nov 27, 2022 1:44:55 PM org.eclipse.lsp4j.jsonrpc.RemoteEndpoint handleCancellation
WARNING: Unmatched cancel notification for request id 1
2022.11.27 13:45:12 INFO  no build target found for C:\Users\Matt\sync\homeCloud\git\adventOfCode\sessions\20221127\scala-3-project-template\build.sbt. Using presentation compiler with project's scala-library version: 3.2.0
2022.11.27 13:45:14 INFO  time: code lens generation in 4.92s
2022.11.27 13:47:22 WARN  no build target for: C:\Users\Matt\sync\homeCloud\git\adventOfCode\sessions\20221127\scala-3-project-template\src\main\scala\Main.scala
2022.11.27 13:47:24 WARN  no build target for: C:\Users\Matt\sync\homeCloud\git\adventOfCode\sessions\20221127\scala-3-project-template\src\test\scala\MySuite.scala
2022.11.27 13:48:10 WARN  no build target for: C:\Users\Matt\sync\homeCloud\git\adventOfCode\sessions\20221127\scala-3-project-template\build.sbt
2022.11.27 13:48:41 WARN  no build target for: C:\Users\Matt\sync\homeCloud\git\adventOfCode\sessions\20221127\scala-3-project-template\src\main\scala\Main.scala
2022.11.27 14:03:36 INFO  shutting down Metals
