2022.11.27 14:22:12 INFO  tracing is disabled for protocol LSP, to enable tracing of incoming and outgoing JSON messages create an empty file at c:\Users\Matt\sync\homeCloud\git\adventOfCode\.metals\lsp.trace.json or C:\Users\Matt\AppData\Local\scalameta\metals\cache\lsp.trace.json
2022.11.27 14:22:13 INFO  logging to file C:\Users\Matt\sync\homeCloud\git\adventOfCode\.metals\metals.log
2022.11.27 14:22:13 INFO  Started: Metals version 0.11.9 in workspace 'C:\Users\Matt\sync\homeCloud\git\adventOfCode' for client Visual Studio Code 1.73.1.
2022.11.27 14:22:15 INFO  time: initialize in 2.31s
2022.11.27 14:22:16 WARN  Build server is not auto-connectable.
2022.11.27 14:22:16 WARN  no build tool detected in workspace 'C:\Users\Matt\sync\homeCloud\git\adventOfCode'. The most common cause for this problem is that the editor was opened in the wrong working directory, for example if you use sbt then the workspace directory should contain build.sbt. 
2022.11.27 14:22:16 WARN  no build target for: C:\Users\Matt\sync\homeCloud\git\adventOfCode\sessions\20221127\scala-3-project-template\src\main\scala\Main.scala
2022.11.27 14:22:18 INFO  no build target found for C:\Users\Matt\sync\homeCloud\git\adventOfCode\sessions\20221127\scala-3-project-template\src\main\scala\Main.scala. Using presentation compiler with project's scala-library version: 3.2.0
2022.11.27 14:22:20 INFO  time: code lens generation in 4.38s
2022.11.27 14:22:57 WARN  no build target for: C:\Users\Matt\sync\homeCloud\git\adventOfCode\sessions\20221127\scala-3-project-template\src\main\scala\Main.scala
2022.11.27 14:23:09 WARN  no build target for: C:\Users\Matt\sync\homeCloud\git\adventOfCode\sessions\20221127\y2015\d1\p1.scala
2022.11.27 14:23:11 WARN  no build target for: C:\Users\Matt\sync\homeCloud\git\adventOfCode\sessions\20221127\scala-3-project-template\src\main\scala\Main.scala
2022.11.27 14:23:15 WARN  no build target for: C:\Users\Matt\sync\homeCloud\git\adventOfCode\sessions\20221127\y2015\d1\p1.scala
2022.11.27 14:23:16 WARN  no build target for: C:\Users\Matt\sync\homeCloud\git\adventOfCode\sessions\20221127\y2015\d1\p1.scala
Nov 27, 2022 2:23:20 PM org.eclipse.lsp4j.jsonrpc.RemoteEndpoint handleCancellation
WARNING: Unmatched cancel notification for request id 43
Exception in thread "pool-3-thread-1" java.lang.Error: java.lang.InterruptedException
	at java.util.concurrent.ThreadPoolExecutor.runWorker(ThreadPoolExecutor.java:1155)
	at java.util.concurrent.ThreadPoolExecutor$Worker.run(ThreadPoolExecutor.java:624)
	at java.lang.Thread.run(Thread.java:748)
Caused by: java.lang.InterruptedException
	at scala.meta.internal.metals.FutureCancelToken.checkCanceled(FutureCancelToken.scala:29)
	at scala.meta.internal.pc.CompilerAccess.onCompilerJobQueue$$anonfun$1(CompilerAccess.scala:195)
	at scala.meta.internal.pc.CompilerJobQueue$Job.run(CompilerJobQueue.scala:152)
	at java.util.concurrent.ThreadPoolExecutor.runWorker(ThreadPoolExecutor.java:1149)
	... 2 more
2022.11.27 14:23:31 WARN  no build target for: C:\Users\Matt\sync\homeCloud\git\adventOfCode\sessions\20221127\y2015\d1\p1.scala
Nov 27, 2022 2:24:32 PM org.eclipse.lsp4j.jsonrpc.RemoteEndpoint handleCancellation
WARNING: Unmatched cancel notification for request id 67
2022.11.27 14:47:52 WARN  no build target for: C:\Users\Matt\sync\homeCloud\git\adventOfCode\sessions\20221127\y2015\d1\p1.scala
2022.11.27 14:48:02 WARN  no build target for: C:\Users\Matt\sync\homeCloud\git\adventOfCode\sessions\20221127\y2015\d1\p1.scala
2022.11.27 14:48:07 WARN  no build target for: C:\Users\Matt\sync\homeCloud\git\adventOfCode\sessions\20221127\y2015\d1\p1.scala
2022.11.27 14:48:12 WARN  no build target for: C:\Users\Matt\sync\homeCloud\git\adventOfCode\sessions\20221127\y2015\d1\p1.scala
2022.11.27 14:48:19 WARN  no build target for: C:\Users\Matt\sync\homeCloud\git\adventOfCode\sessions\20221127\y2015\d1\p1.scala
Nov 27, 2022 2:48:27 PM org.eclipse.lsp4j.jsonrpc.RemoteEndpoint handleCancellation
WARNING: Unmatched cancel notification for request id 159
2022.11.27 14:49:20 WARN  no build target for: C:\Users\Matt\sync\homeCloud\git\adventOfCode\sessions\20221127\y2015\d1\p1.scala
2022.11.27 14:50:33 WARN  no build target for: C:\Users\Matt\sync\homeCloud\git\adventOfCode\sessions\20221127\y2015\d1\p1.scala
2022.11.27 14:50:36 WARN  no build target for: C:\Users\Matt\sync\homeCloud\git\adventOfCode\sessions\20221127\y2015\d1\p1.scala
2022.11.27 16:21:11 WARN  no build target for: C:\Users\Matt\sync\homeCloud\git\adventOfCode\sessions\20221127\y2015\d1\p1.scala
2022.11.27 16:21:18 WARN  no build target for: C:\Users\Matt\sync\homeCloud\git\adventOfCode\sessions\20221127\y2015\d1\p1.scala
2022.11.27 16:21:19 WARN  no build target for: C:\Users\Matt\sync\homeCloud\git\adventOfCode\sessions\20221127\y2015\d1\p1.scala
2022.11.27 16:21:30 WARN  no build target for: C:\Users\Matt\sync\homeCloud\git\adventOfCode\sessions\20221127\y2015\d1\p1.scala
2022.11.27 16:21:42 WARN  no build target for: C:\Users\Matt\sync\homeCloud\git\adventOfCode\sessions\20221127\y2015\d1\p1.scala
Exception in thread "pool-3-thread-2" java.lang.Error: java.lang.InterruptedException
	at java.util.concurrent.ThreadPoolExecutor.runWorker(ThreadPoolExecutor.java:1155)
	at java.util.concurrent.ThreadPoolExecutor$Worker.run(ThreadPoolExecutor.java:624)
	at java.lang.Thread.run(Thread.java:748)
Caused by: java.lang.InterruptedException
	at scala.meta.internal.metals.FutureCancelToken.checkCanceled(FutureCancelToken.scala:29)
	at scala.meta.internal.pc.CompilerAccess.onCompilerJobQueue$$anonfun$1(CompilerAccess.scala:195)
	at scala.meta.internal.pc.CompilerJobQueue$Job.run(CompilerJobQueue.scala:152)
	at java.util.concurrent.ThreadPoolExecutor.runWorker(ThreadPoolExecutor.java:1149)
	... 2 more
2022.11.27 16:21:42 WARN  no build target for: C:\Users\Matt\sync\homeCloud\git\adventOfCode\sessions\20221127\y2015\d1\p1.scala
Exception in thread "pool-3-thread-3" java.lang.Error: java.lang.InterruptedException
	at java.util.concurrent.ThreadPoolExecutor.runWorker(ThreadPoolExecutor.java:1155)
	at java.util.concurrent.ThreadPoolExecutor$Worker.run(ThreadPoolExecutor.java:624)
	at java.lang.Thread.run(Thread.java:748)
Caused by: java.lang.InterruptedException
	at scala.meta.internal.metals.FutureCancelToken.checkCanceled(FutureCancelToken.scala:29)
	at scala.meta.internal.pc.CompilerAccess.onCompilerJobQueue$$anonfun$1(CompilerAccess.scala:195)
	at scala.meta.internal.pc.CompilerJobQueue$Job.run(CompilerJobQueue.scala:152)
	at java.util.concurrent.ThreadPoolExecutor.runWorker(ThreadPoolExecutor.java:1149)
	... 2 more
2022.11.27 16:21:42 WARN  no build target for: C:\Users\Matt\sync\homeCloud\git\adventOfCode\sessions\20221127\y2015\d1\p1.scala
Exception in thread "pool-3-thread-4" java.lang.Error: java.lang.InterruptedException
	at java.util.concurrent.ThreadPoolExecutor.runWorker(ThreadPoolExecutor.java:1155)
	at java.util.concurrent.ThreadPoolExecutor$Worker.run(ThreadPoolExecutor.java:624)
	at java.lang.Thread.run(Thread.java:748)
Caused by: java.lang.InterruptedException
	at scala.meta.internal.metals.FutureCancelToken.checkCanceled(FutureCancelToken.scala:29)
	at scala.meta.internal.pc.CompilerAccess.onCompilerJobQueue$$anonfun$1(CompilerAccess.scala:195)
	at scala.meta.internal.pc.CompilerJobQueue$Job.run(CompilerJobQueue.scala:152)
	at java.util.concurrent.ThreadPoolExecutor.runWorker(ThreadPoolExecutor.java:1149)
	... 2 more
2022.11.27 16:21:45 WARN  no build target for: C:\Users\Matt\sync\homeCloud\git\adventOfCode\sessions\20221127\y2015\d1\p1.scala
Nov 27, 2022 4:21:54 PM org.eclipse.lsp4j.jsonrpc.RemoteEndpoint handleCancellation
WARNING: Unmatched cancel notification for request id 458
2022.11.27 16:22:16 WARN  no build target for: C:\Users\Matt\sync\homeCloud\git\adventOfCode\sessions\20221127\y2015\d1\p1.scala
2022.11.27 16:22:17 WARN  no build target for: C:\Users\Matt\sync\homeCloud\git\adventOfCode\sessions\20221127\y2015\d1\p1.scala
2022.11.27 16:22:46 WARN  no build target for: C:\Users\Matt\sync\homeCloud\git\adventOfCode\sessions\20221127\y2015\d1\p1.scala
2022.11.27 16:22:58 WARN  no build target for: C:\Users\Matt\sync\homeCloud\git\adventOfCode\sessions\20221127\y2015\d1\p1.scala
2022.11.27 16:23:35 WARN  no build target for: C:\Users\Matt\sync\homeCloud\git\adventOfCode\sessions\20221127\y2015\d1\p1.scala
2022.11.27 16:27:19 WARN  no build target for: C:\Users\Matt\sync\homeCloud\git\adventOfCode\sessions\20221127\y2015\d1\p1.scala
2022.11.27 16:27:52 WARN  no build target for: C:\Users\Matt\sync\homeCloud\git\adventOfCode\sessions\20221127\y2015\d1\p1.scala
2022.11.27 16:34:56 WARN  no build target for: C:\Users\Matt\sync\homeCloud\git\adventOfCode\sessions\20221127\y2015\d1\p1.scala
2022.11.27 16:35:15 WARN  no build target for: C:\Users\Matt\sync\homeCloud\git\adventOfCode\sessions\20221127\y2015\d1\p1.scala
2022.11.27 16:35:25 WARN  no build target for: C:\Users\Matt\sync\homeCloud\git\adventOfCode\sessions\20221127\y2015\d1\p1.scala
2022.11.27 16:35:26 WARN  no build target for: C:\Users\Matt\sync\homeCloud\git\adventOfCode\sessions\20221127\y2015\d1\p1.scala
2022.11.27 16:35:35 WARN  no build target for: C:\Users\Matt\sync\homeCloud\git\adventOfCode\sessions\20221127\y2015\d1\p1.scala
2022.11.27 16:40:16 WARN  no build target for: C:\Users\Matt\sync\homeCloud\git\adventOfCode\sessions\20221127\y2015\d1\p1.scala
2022.11.27 16:55:48 WARN  no build target for: C:\Users\Matt\sync\homeCloud\git\adventOfCode\sessions\20221127\y2015\d1\p1.scala
2022.11.27 16:57:26 WARN  no build target for: C:\Users\Matt\sync\homeCloud\git\adventOfCode\sessions\20221127\y2015\d1\p1.scala
2022.11.27 17:03:41 WARN  no build target for: C:\Users\Matt\sync\homeCloud\git\adventOfCode\sessions\20221127\y2015\d1\p1.scala
Nov 27, 2022 5:03:54 PM org.eclipse.lsp4j.jsonrpc.RemoteEndpoint handleCancellation
WARNING: Unmatched cancel notification for request id 1702
2022.11.27 17:04:00 WARN  no build target for: C:\Users\Matt\sync\homeCloud\git\adventOfCode\sessions\20221127\y2015\d1\p1.scala
2022.11.27 17:04:02 WARN  no build target for: C:\Users\Matt\sync\homeCloud\git\adventOfCode\sessions\20221127\y2015\d1\p1.scala
2022.11.27 17:19:02 WARN  no build target for: C:\Users\Matt\sync\homeCloud\git\adventOfCode\sessions\20221127\y2015\d1\p1.scala
2022.11.27 17:19:37 WARN  no build target for: C:\Users\Matt\sync\homeCloud\git\adventOfCode\sessions\20221127\y2015\d1\p1.scala
2022.11.27 17:20:00 WARN  no build target for: C:\Users\Matt\sync\homeCloud\git\adventOfCode\sessions\20221127\y2015\d1\p1.scala
2022.11.27 17:20:08 WARN  no build target for: C:\Users\Matt\sync\homeCloud\git\adventOfCode\sessions\20221127\y2015\d1\p1.scala
2022.11.27 17:20:24 WARN  no build target for: C:\Users\Matt\sync\homeCloud\git\adventOfCode\sessions\20221127\y2015\d1\p1.scala
2022.11.27 17:20:32 WARN  no build target for: C:\Users\Matt\sync\homeCloud\git\adventOfCode\sessions\20221127\y2015\d1\p1.scala
2022.11.27 17:21:48 WARN  no build target for: C:\Users\Matt\sync\homeCloud\git\adventOfCode\sessions\20221127\y2015\d1\p1.scala
2022.11.27 17:21:57 INFO  shutting down Metals
2022.11.27 17:21:59 INFO  tracing is disabled for protocol LSP, to enable tracing of incoming and outgoing JSON messages create an empty file at c:\Users\Matt\sync\homeCloud\git\adventOfCode\.metals\lsp.trace.json or C:\Users\Matt\AppData\Local\scalameta\metals\cache\lsp.trace.json
2022.11.27 17:22:00 INFO  logging to file C:\Users\Matt\sync\homeCloud\git\adventOfCode\.metals\metals.log
2022.11.27 17:22:00 INFO  Started: Metals version 0.11.9 in workspace 'C:\Users\Matt\sync\homeCloud\git\adventOfCode' for client Visual Studio Code 1.73.1.
2022.11.27 17:22:02 INFO  time: initialize in 2.22s
2022.11.27 17:22:03 WARN  Build server is not auto-connectable.
2022.11.27 17:22:03 WARN  no build tool detected in workspace 'C:\Users\Matt\sync\homeCloud\git\adventOfCode'. The most common cause for this problem is that the editor was opened in the wrong working directory, for example if you use sbt then the workspace directory should contain build.sbt. 
2022.11.27 17:22:03 WARN  no build target for: C:\Users\Matt\sync\homeCloud\git\adventOfCode\sessions\20221127\y2015\d1\p1.scala
2022.11.27 17:22:05 INFO  no build target found for C:\Users\Matt\sync\homeCloud\git\adventOfCode\sessions\20221127\y2015\d1\p1.scala. Using presentation compiler with project's scala-library version: 3.2.0
2022.11.27 17:22:08 INFO  time: code lens generation in 4.59s
2022.11.27 17:22:23 WARN  no build target for: C:\Users\Matt\sync\homeCloud\git\adventOfCode\sessions\20221127\y2015\d1\p1.scala
Exception in thread "pool-3-thread-1" java.lang.Error: java.lang.InterruptedException
	at java.util.concurrent.ThreadPoolExecutor.runWorker(ThreadPoolExecutor.java:1155)
	at java.util.concurrent.ThreadPoolExecutor$Worker.run(ThreadPoolExecutor.java:624)
	at java.lang.Thread.run(Thread.java:748)
Caused by: java.lang.InterruptedException
	at scala.meta.internal.metals.FutureCancelToken.checkCanceled(FutureCancelToken.scala:29)
	at scala.meta.internal.pc.CompilerAccess.onCompilerJobQueue$$anonfun$1(CompilerAccess.scala:195)
	at scala.meta.internal.pc.CompilerJobQueue$Job.run(CompilerJobQueue.scala:152)
	at java.util.concurrent.ThreadPoolExecutor.runWorker(ThreadPoolExecutor.java:1149)
	... 2 more
Exception in thread "pool-3-thread-2" java.lang.Error: java.lang.InterruptedException
	at java.util.concurrent.ThreadPoolExecutor.runWorker(ThreadPoolExecutor.java:1155)
	at java.util.concurrent.ThreadPoolExecutor$Worker.run(ThreadPoolExecutor.java:624)
	at java.lang.Thread.run(Thread.java:748)
Caused by: java.lang.InterruptedException
	at scala.meta.internal.metals.FutureCancelToken.checkCanceled(FutureCancelToken.scala:29)
	at scala.meta.internal.pc.CompilerAccess.onCompilerJobQueue$$anonfun$1(CompilerAccess.scala:195)
	at scala.meta.internal.pc.CompilerJobQueue$Job.run(CompilerJobQueue.scala:152)
	at java.util.concurrent.ThreadPoolExecutor.runWorker(ThreadPoolExecutor.java:1149)
	... 2 more
Exception in thread "pool-3-thread-3" java.lang.Error: java.lang.InterruptedException
	at java.util.concurrent.ThreadPoolExecutor.runWorker(ThreadPoolExecutor.java:1155)
	at java.util.concurrent.ThreadPoolExecutor$Worker.run(ThreadPoolExecutor.java:624)
	at java.lang.Thread.run(Thread.java:748)
Caused by: java.lang.InterruptedException
	at scala.meta.internal.metals.FutureCancelToken.checkCanceled(FutureCancelToken.scala:29)
	at scala.meta.internal.pc.CompilerAccess.onCompilerJobQueue$$anonfun$1(CompilerAccess.scala:195)
	at scala.meta.internal.pc.CompilerJobQueue$Job.run(CompilerJobQueue.scala:152)
	at java.util.concurrent.ThreadPoolExecutor.runWorker(ThreadPoolExecutor.java:1149)
	... 2 more
2022.11.27 17:22:25 WARN  no build target for: C:\Users\Matt\sync\homeCloud\git\adventOfCode\sessions\20221127\y2015\d1\p1.scala
2022.11.27 17:22:52 WARN  no build target for: C:\Users\Matt\sync\homeCloud\git\adventOfCode\sessions\20221127\y2015\d1\p1.scala
2022.11.27 17:23:31 WARN  no build target for: C:\Users\Matt\sync\homeCloud\git\adventOfCode\sessions\20221127\y2015\d1\p1.scala
2022.11.27 17:34:10 WARN  no build target for: C:\Users\Matt\sync\homeCloud\git\adventOfCode\sessions\20221127\y2015\d1\p1.scala
2022.11.27 17:34:16 WARN  no build target for: C:\Users\Matt\sync\homeCloud\git\adventOfCode\sessions\20221127\y2015\d1\p1.scala
2022.11.27 17:34:19 WARN  no build target for: C:\Users\Matt\sync\homeCloud\git\adventOfCode\sessions\20221127\y2015\d1\p1.scala
2022.11.27 17:34:39 WARN  no build target for: C:\Users\Matt\sync\homeCloud\git\adventOfCode\sessions\20221127\y2015\d1\p1.scala
2022.11.27 17:35:14 WARN  no build target for: C:\Users\Matt\sync\homeCloud\git\adventOfCode\sessions\20221127\y2015\d1\p1.scala
2022.11.27 17:35:19 WARN  no build target for: C:\Users\Matt\sync\homeCloud\git\adventOfCode\sessions\20221127\y2015\d1\p1.scala
2022.11.27 17:35:27 WARN  no build target for: C:\Users\Matt\sync\homeCloud\git\adventOfCode\sessions\20221127\y2015\d1\p1.scala
Nov 27, 2022 5:35:28 PM scala.meta.internal.pc.CompilerAccess handleError
SEVERE: NoDenotation.owner
java.lang.AssertionError: NoDenotation.owner
	at dotty.tools.dotc.core.SymDenotations$NoDenotation$.owner(SymDenotations.scala:2499)
	at scala.meta.internal.pc.PcDocumentHighlightProvider$.isForComprehensionOwner$1(PcDocumentHighlightProvider.scala:163)
	at scala.meta.internal.pc.PcDocumentHighlightProvider$.collectNames$1(PcDocumentHighlightProvider.scala:178)
	at scala.meta.internal.pc.PcDocumentHighlightProvider$.$anonfun$4(PcDocumentHighlightProvider.scala:275)
	at dotty.tools.dotc.ast.Trees$Instance$DeepFolder.apply(Trees.scala:1669)
	at dotty.tools.dotc.ast.Trees$Instance$TreeAccumulator.foldOver(Trees.scala:1562)
	at dotty.tools.dotc.ast.Trees$Instance$DeepFolder.apply(Trees.scala:1669)
	at dotty.tools.dotc.ast.Trees$Instance$TreeAccumulator.fold$1(Trees.scala:1535)
	at dotty.tools.dotc.ast.Trees$Instance$TreeAccumulator.apply(Trees.scala:1537)
	at dotty.tools.dotc.ast.Trees$Instance$TreeAccumulator.foldOver(Trees.scala:1554)
	at dotty.tools.dotc.ast.Trees$Instance$DeepFolder.apply(Trees.scala:1669)
	at dotty.tools.dotc.ast.Trees$Instance$TreeAccumulator.fold$1(Trees.scala:1535)
	at dotty.tools.dotc.ast.Trees$Instance$TreeAccumulator.apply(Trees.scala:1537)
	at dotty.tools.dotc.ast.Trees$Instance$TreeAccumulator.foldOver(Trees.scala:1554)
	at dotty.tools.dotc.ast.Trees$Instance$DeepFolder.apply(Trees.scala:1669)
	at dotty.tools.dotc.ast.Trees$Instance$TreeAccumulator.fold$1(Trees.scala:1535)
	at dotty.tools.dotc.ast.Trees$Instance$TreeAccumulator.apply(Trees.scala:1537)
	at dotty.tools.dotc.ast.Trees$Instance$TreeAccumulator.foldOver(Trees.scala:1554)
	at dotty.tools.dotc.ast.Trees$Instance$DeepFolder.apply(Trees.scala:1669)
	at dotty.tools.dotc.ast.Trees$Instance$TreeAccumulator.foldOver(Trees.scala:1623)
	at dotty.tools.dotc.ast.Trees$Instance$DeepFolder.apply(Trees.scala:1669)
	at dotty.tools.dotc.ast.Trees$Instance$TreeAccumulator.fold$1(Trees.scala:1535)
	at dotty.tools.dotc.ast.Trees$Instance$TreeAccumulator.apply(Trees.scala:1537)
	at dotty.tools.dotc.ast.Trees$Instance$TreeAccumulator.foldOver(Trees.scala:1630)
	at dotty.tools.dotc.ast.Trees$Instance$DeepFolder.apply(Trees.scala:1669)
	at dotty.tools.dotc.ast.Trees$Instance$TreeAccumulator.foldOver(Trees.scala:1627)
	at dotty.tools.dotc.ast.Trees$Instance$DeepFolder.apply(Trees.scala:1669)
	at dotty.tools.dotc.ast.Trees$Instance$TreeAccumulator.fold$1(Trees.scala:1535)
	at dotty.tools.dotc.ast.Trees$Instance$TreeAccumulator.apply(Trees.scala:1537)
	at dotty.tools.dotc.ast.Trees$Instance$TreeAccumulator.foldOver(Trees.scala:1636)
	at dotty.tools.dotc.ast.Trees$Instance$TreeAccumulator.foldOver(Trees.scala:1541)
	at dotty.tools.dotc.ast.Trees$Instance$DeepFolder.apply(Trees.scala:1669)
	at scala.meta.internal.pc.PcDocumentHighlightProvider$.highlights(PcDocumentHighlightProvider.scala:276)

2022.11.27 17:36:07 WARN  no build target for: C:\Users\Matt\sync\homeCloud\git\adventOfCode\sessions\20221127\y2015\d1\p1.scala
2022.11.27 17:36:43 WARN  no build target for: C:\Users\Matt\sync\homeCloud\git\adventOfCode\sessions\20221127\y2015\d1\p1.scala
2022.11.27 17:46:40 WARN  no build target for: C:\Users\Matt\sync\homeCloud\git\adventOfCode\sessions\20221127\y2015\d1\p1.scala
2022.11.27 17:54:40 WARN  no build target for: C:\Users\Matt\sync\homeCloud\git\adventOfCode\sessions\20221127\y2015\d1\p1.scala
2022.11.27 17:54:48 WARN  no build target for: C:\Users\Matt\sync\homeCloud\git\adventOfCode\sessions\20221127\y2015\d1\p1.scala
2022.11.27 17:55:28 WARN  no build target for: C:\Users\Matt\sync\homeCloud\git\adventOfCode\sessions\20221127\y2015\d1\p1.scala
2022.11.27 17:55:42 WARN  no build target for: C:\Users\Matt\sync\homeCloud\git\adventOfCode\sessions\20221127\y2015\d1\p1.scala
2022.11.27 17:56:37 WARN  no build target for: C:\Users\Matt\sync\homeCloud\git\adventOfCode\sessions\20221127\y2015\d1\p1 copy.scala
2022.11.27 17:56:39 WARN  no build target for: C:\Users\Matt\sync\homeCloud\git\adventOfCode\sessions\20221127\y2015\d1\p2.scala
2022.11.27 17:56:48 WARN  no build target for: C:\Users\Matt\sync\homeCloud\git\adventOfCode\sessions\20221127\y2015\d1\p2.scala
2022.11.27 17:57:22 WARN  no build target for: C:\Users\Matt\sync\homeCloud\git\adventOfCode\sessions\20221127\y2015\d1\p2.scala
2022.11.27 18:00:25 WARN  no build target for: C:\Users\Matt\sync\homeCloud\git\adventOfCode\sessions\20221127\y2015\d1\p2.scala
Nov 27, 2022 6:00:26 PM org.eclipse.lsp4j.jsonrpc.RemoteEndpoint handleCancellation
WARNING: Unmatched cancel notification for request id 796
2022.11.27 18:00:36 WARN  no build target for: C:\Users\Matt\sync\homeCloud\git\adventOfCode\sessions\20221127\y2015\d1\p2.scala
2022.11.27 18:01:00 WARN  no build target for: C:\Users\Matt\sync\homeCloud\git\adventOfCode\sessions\20221127\y2015\d1\p2.scala
2022.11.27 18:01:11 WARN  no build target for: C:\Users\Matt\sync\homeCloud\git\adventOfCode\sessions\20221127\y2015\d1\p2.scala
2022.11.27 18:02:14 WARN  no build target for: C:\Users\Matt\sync\homeCloud\git\adventOfCode\sessions\20221127\y2015\d1\p2.scala
2022.11.27 18:02:55 WARN  no build target for: C:\Users\Matt\sync\homeCloud\git\adventOfCode\sessions\20221127\y2015\d1\p2.scala
2022.11.27 18:03:13 WARN  no build target for: C:\Users\Matt\sync\homeCloud\git\adventOfCode\sessions\20221127\y2015\d1\p2.scala
2022.11.27 18:03:27 WARN  no build target for: C:\Users\Matt\sync\homeCloud\git\adventOfCode\sessions\20221127\y2015\d1\p2.scala
2022.11.27 18:03:48 WARN  no build target for: C:\Users\Matt\sync\homeCloud\git\adventOfCode\sessions\20221127\y2015\d1\p2.scala
Nov 27, 2022 6:04:16 PM org.eclipse.lsp4j.jsonrpc.RemoteEndpoint handleCancellation
WARNING: Unmatched cancel notification for request id 1019
Nov 27, 2022 6:05:38 PM scala.meta.internal.pc.CompilerAccess handleError
SEVERE: Toplevel definition main is defined in
  C:/Users/Matt/sync/homeCloud/git/adventOfCode/sessions/20221127/y2015/d1/p1.scala
and also in
  C:/Users/Matt/sync/homeCloud/git/adventOfCode/sessions/20221127/y2015/d1/p1 copy.scala
One of these files should be removed from the classpath.
dotty.tools.dotc.core.TypeError: Toplevel definition main is defined in
  C:/Users/Matt/sync/homeCloud/git/adventOfCode/sessions/20221127/y2015/d1/p1.scala
and also in
  C:/Users/Matt/sync/homeCloud/git/adventOfCode/sessions/20221127/y2015/d1/p1 copy.scala
One of these files should be removed from the classpath.
	at dotty.tools.dotc.core.SymDenotations$PackageClassDenotation.dropStale$1(SymDenotations.scala:2435)
	at dotty.tools.dotc.core.SymDenotations$PackageClassDenotation.recur$5(SymDenotations.scala:2399)
	at dotty.tools.dotc.core.SymDenotations$PackageClassDenotation.computeMembersNamed(SymDenotations.scala:2455)
	at dotty.tools.dotc.core.SymDenotations$ClassDenotation.membersNamed(SymDenotations.scala:2014)
	at dotty.tools.dotc.core.SymDenotations$ClassDenotation.findMember(SymDenotations.scala:2065)
	at dotty.tools.dotc.core.Types$Type.go$1(Types.scala:686)
	at dotty.tools.dotc.core.Types$Type.goThis$1(Types.scala:811)
	at dotty.tools.dotc.core.Types$Type.go$1(Types.scala:703)
	at dotty.tools.dotc.core.Types$Type.findMember(Types.scala:879)
	at dotty.tools.dotc.core.Types$Type.memberBasedOnFlags(Types.scala:669)
	at dotty.tools.dotc.core.Types$Type.member(Types.scala:653)
	at dotty.tools.dotc.core.Types$Type.allMembers$$anonfun$1(Types.scala:1023)
	at scala.runtime.function.JProcedure2.apply(JProcedure2.java:15)
	at scala.runtime.function.JProcedure2.apply(JProcedure2.java:10)
	at dotty.tools.dotc.core.Types$Type.memberDenots$$anonfun$1(Types.scala:925)
	at scala.runtime.function.JProcedure1.apply(JProcedure1.java:15)
	at scala.runtime.function.JProcedure1.apply(JProcedure1.java:10)
	at scala.collection.immutable.BitmapIndexedSetNode.foreach(HashSet.scala:937)
	at scala.collection.immutable.HashSet.foreach(HashSet.scala:944)
	at dotty.tools.dotc.core.Types$Type.memberDenots(Types.scala:925)
	at dotty.tools.dotc.core.Types$Type.allMembers(Types.scala:1023)
	at scala.meta.internal.pc.IndexedContext$.accesibleMembers$1(IndexedContext.scala:137)
	at scala.meta.internal.pc.IndexedContext$.scala$meta$internal$pc$IndexedContext$$$extractNames(IndexedContext.scala:195)
	at scala.meta.internal.pc.IndexedContext$LazyWrapper.<init>(IndexedContext.scala:87)
	at scala.meta.internal.pc.IndexedContext$.apply(IndexedContext.scala:75)
	at scala.meta.internal.pc.IndexedContext$LazyWrapper.<init>(IndexedContext.scala:86)
	at scala.meta.internal.pc.IndexedContext$.apply(IndexedContext.scala:75)
	at scala.meta.internal.pc.IndexedContext$LazyWrapper.<init>(IndexedContext.scala:86)
	at scala.meta.internal.pc.IndexedContext$.apply(IndexedContext.scala:75)
	at scala.meta.internal.pc.IndexedContext$LazyWrapper.<init>(IndexedContext.scala:86)
	at scala.meta.internal.pc.IndexedContext$.apply(IndexedContext.scala:75)
	at scala.meta.internal.pc.IndexedContext$LazyWrapper.<init>(IndexedContext.scala:86)
	at scala.meta.internal.pc.IndexedContext$.apply(IndexedContext.scala:75)
	at scala.meta.internal.pc.IndexedContext$LazyWrapper.<init>(IndexedContext.scala:86)
	at scala.meta.internal.pc.IndexedContext$.apply(IndexedContext.scala:75)
	at scala.meta.internal.pc.completions.CompletionProvider.completions(CompletionProvider.scala:63)

2022.11.27 18:05:54 WARN  no build target for: C:\Users\Matt\sync\homeCloud\git\adventOfCode\sessions\20221127\y2015\d1\p2.scala
2022.11.27 18:13:14 WARN  no build target for: C:\Users\Matt\sync\homeCloud\git\adventOfCode\sessions\20221127\y2015\d1\p2.scala
2022.11.27 18:13:17 WARN  no build target for: C:\Users\Matt\sync\homeCloud\git\adventOfCode\sessions\20221127\y2015\d1\p2.scala
2022.11.27 18:16:59 WARN  no build target for: C:\Users\Matt\sync\homeCloud\git\adventOfCode\sessions\20221127\y2015\d1\p2.scala
2022.11.27 18:17:23 WARN  no build target for: C:\Users\Matt\sync\homeCloud\git\adventOfCode\sessions\20221127\y2015\d1\p2.scala
2022.11.27 18:17:32 WARN  no build target for: C:\Users\Matt\sync\homeCloud\git\adventOfCode\sessions\20221127\y2015\d1\p2.scala
2022.11.27 18:17:57 WARN  no build target for: C:\Users\Matt\sync\homeCloud\git\adventOfCode\sessions\20221127\y2015\d1\p2.scala
Nov 27, 2022 6:18:11 PM org.eclipse.lsp4j.jsonrpc.services.GenericEndpoint notify
INFO: Unsupported notification method: $/setTrace
Nov 27, 2022 6:19:19 PM org.eclipse.lsp4j.jsonrpc.RemoteEndpoint handleNotification
WARNING: Notification threw an exception: {
  "jsonrpc": "2.0",
  "method": "metals/didFocusTextDocument",
  "params": [
    "git:/c%3A/Users/Matt/sync/homeCloud/git/adventOfCode/sessions/20221127/y2015/d1/p2.scala?%7B%22path%22%3A%22c%3A%5C%5CUsers%5C%5CMatt%5C%5Csync%5C%5ChomeCloud%5C%5Cgit%5C%5CadventOfCode%5C%5Csessions%5C%5C20221127%5C%5Cy2015%5C%5Cd1%5C%5Cp2.scala%22%2C%22ref%22%3A%22%22%7D"
  ]
}
java.lang.RuntimeException: java.lang.reflect.InvocationTargetException
	at org.eclipse.lsp4j.jsonrpc.services.GenericEndpoint.lambda$null$0(GenericEndpoint.java:67)
	at org.eclipse.lsp4j.jsonrpc.services.GenericEndpoint.notify(GenericEndpoint.java:152)
	at org.eclipse.lsp4j.jsonrpc.RemoteEndpoint.handleNotification(RemoteEndpoint.java:220)
	at org.eclipse.lsp4j.jsonrpc.RemoteEndpoint.consume(RemoteEndpoint.java:187)
	at org.eclipse.lsp4j.jsonrpc.json.StreamMessageProducer.handleMessage(StreamMessageProducer.java:194)
	at org.eclipse.lsp4j.jsonrpc.json.StreamMessageProducer.listen(StreamMessageProducer.java:94)
	at org.eclipse.lsp4j.jsonrpc.json.ConcurrentMessageProcessor.run(ConcurrentMessageProcessor.java:113)
	at java.util.concurrent.Executors$RunnableAdapter.call(Executors.java:511)
	at java.util.concurrent.FutureTask.run(FutureTask.java:266)
	at java.util.concurrent.ThreadPoolExecutor.runWorker(ThreadPoolExecutor.java:1149)
	at java.util.concurrent.ThreadPoolExecutor$Worker.run(ThreadPoolExecutor.java:624)
	at java.lang.Thread.run(Thread.java:748)
Caused by: java.lang.reflect.InvocationTargetException
	at sun.reflect.NativeMethodAccessorImpl.invoke0(Native Method)
	at sun.reflect.NativeMethodAccessorImpl.invoke(NativeMethodAccessorImpl.java:62)
	at sun.reflect.DelegatingMethodAccessorImpl.invoke(DelegatingMethodAccessorImpl.java:43)
	at java.lang.reflect.Method.invoke(Method.java:498)
	at org.eclipse.lsp4j.jsonrpc.services.GenericEndpoint.lambda$null$0(GenericEndpoint.java:65)
	... 11 more
Caused by: java.nio.file.FileSystemNotFoundException: Provider "git" not installed
	at java.nio.file.Paths.get(Paths.java:147)
	at scala.meta.internal.mtags.MtagsEnrichments$XtensionURIMtags.toAbsolutePath(MtagsEnrichments.scala:117)
	at scala.meta.internal.mtags.MtagsEnrichments$XtensionStringMtags.toAbsolutePath(MtagsEnrichments.scala:143)
	at scala.meta.internal.metals.MetalsEnrichments$XtensionString.toAbsolutePath(MetalsEnrichments.scala:609)
	at scala.meta.internal.metals.MetalsEnrichments$XtensionString.toAbsolutePath(MetalsEnrichments.scala:606)
	at scala.meta.internal.metals.MetalsLanguageServer.didFocus(MetalsLanguageServer.scala:1169)
	... 16 more

Nov 27, 2022 6:19:20 PM org.eclipse.lsp4j.jsonrpc.RemoteEndpoint handleNotification
WARNING: Notification threw an exception: {
  "jsonrpc": "2.0",
  "method": "metals/didFocusTextDocument",
  "params": [
    "git:/c%3A/Users/Matt/sync/homeCloud/git/adventOfCode/sessions/20221127/y2015/d1/p1.scala?%7B%22path%22%3A%22c%3A%5C%5CUsers%5C%5CMatt%5C%5Csync%5C%5ChomeCloud%5C%5Cgit%5C%5CadventOfCode%5C%5Csessions%5C%5C20221127%5C%5Cy2015%5C%5Cd1%5C%5Cp1.scala%22%2C%22ref%22%3A%22%22%7D"
  ]
}
java.lang.RuntimeException: java.lang.reflect.InvocationTargetException
	at org.eclipse.lsp4j.jsonrpc.services.GenericEndpoint.lambda$null$0(GenericEndpoint.java:67)
	at org.eclipse.lsp4j.jsonrpc.services.GenericEndpoint.notify(GenericEndpoint.java:152)
	at org.eclipse.lsp4j.jsonrpc.RemoteEndpoint.handleNotification(RemoteEndpoint.java:220)
	at org.eclipse.lsp4j.jsonrpc.RemoteEndpoint.consume(RemoteEndpoint.java:187)
	at org.eclipse.lsp4j.jsonrpc.json.StreamMessageProducer.handleMessage(StreamMessageProducer.java:194)
	at org.eclipse.lsp4j.jsonrpc.json.StreamMessageProducer.listen(StreamMessageProducer.java:94)
	at org.eclipse.lsp4j.jsonrpc.json.ConcurrentMessageProcessor.run(ConcurrentMessageProcessor.java:113)
	at java.util.concurrent.Executors$RunnableAdapter.call(Executors.java:511)
	at java.util.concurrent.FutureTask.run(FutureTask.java:266)
	at java.util.concurrent.ThreadPoolExecutor.runWorker(ThreadPoolExecutor.java:1149)
	at java.util.concurrent.ThreadPoolExecutor$Worker.run(ThreadPoolExecutor.java:624)
	at java.lang.Thread.run(Thread.java:748)
Caused by: java.lang.reflect.InvocationTargetException
	at sun.reflect.GeneratedMethodAccessor14.invoke(Unknown Source)
	at sun.reflect.DelegatingMethodAccessorImpl.invoke(DelegatingMethodAccessorImpl.java:43)
	at java.lang.reflect.Method.invoke(Method.java:498)
	at org.eclipse.lsp4j.jsonrpc.services.GenericEndpoint.lambda$null$0(GenericEndpoint.java:65)
	... 11 more
Caused by: java.nio.file.FileSystemNotFoundException: Provider "git" not installed
	at java.nio.file.Paths.get(Paths.java:147)
	at scala.meta.internal.mtags.MtagsEnrichments$XtensionURIMtags.toAbsolutePath(MtagsEnrichments.scala:117)
	at scala.meta.internal.mtags.MtagsEnrichments$XtensionStringMtags.toAbsolutePath(MtagsEnrichments.scala:143)
	at scala.meta.internal.metals.MetalsEnrichments$XtensionString.toAbsolutePath(MetalsEnrichments.scala:609)
	at scala.meta.internal.metals.MetalsEnrichments$XtensionString.toAbsolutePath(MetalsEnrichments.scala:606)
	at scala.meta.internal.metals.MetalsLanguageServer.didFocus(MetalsLanguageServer.scala:1169)
	... 15 more

Nov 27, 2022 6:19:20 PM org.eclipse.lsp4j.jsonrpc.RemoteEndpoint handleNotification
WARNING: Notification threw an exception: {
  "jsonrpc": "2.0",
  "method": "metals/didFocusTextDocument",
  "params": [
    "git:/c%3A/Users/Matt/sync/homeCloud/git/adventOfCode/sessions/20221127/y2015/d1/p2.scala?%7B%22path%22%3A%22c%3A%5C%5CUsers%5C%5CMatt%5C%5Csync%5C%5ChomeCloud%5C%5Cgit%5C%5CadventOfCode%5C%5Csessions%5C%5C20221127%5C%5Cy2015%5C%5Cd1%5C%5Cp2.scala%22%2C%22ref%22%3A%22%22%7D"
  ]
}
java.lang.RuntimeException: java.lang.reflect.InvocationTargetException
	at org.eclipse.lsp4j.jsonrpc.services.GenericEndpoint.lambda$null$0(GenericEndpoint.java:67)
	at org.eclipse.lsp4j.jsonrpc.services.GenericEndpoint.notify(GenericEndpoint.java:152)
	at org.eclipse.lsp4j.jsonrpc.RemoteEndpoint.handleNotification(RemoteEndpoint.java:220)
	at org.eclipse.lsp4j.jsonrpc.RemoteEndpoint.consume(RemoteEndpoint.java:187)
	at org.eclipse.lsp4j.jsonrpc.json.StreamMessageProducer.handleMessage(StreamMessageProducer.java:194)
	at org.eclipse.lsp4j.jsonrpc.json.StreamMessageProducer.listen(StreamMessageProducer.java:94)
	at org.eclipse.lsp4j.jsonrpc.json.ConcurrentMessageProcessor.run(ConcurrentMessageProcessor.java:113)
	at java.util.concurrent.Executors$RunnableAdapter.call(Executors.java:511)
	at java.util.concurrent.FutureTask.run(FutureTask.java:266)
	at java.util.concurrent.ThreadPoolExecutor.runWorker(ThreadPoolExecutor.java:1149)
	at java.util.concurrent.ThreadPoolExecutor$Worker.run(ThreadPoolExecutor.java:624)
	at java.lang.Thread.run(Thread.java:748)
Caused by: java.lang.reflect.InvocationTargetException
	at sun.reflect.GeneratedMethodAccessor14.invoke(Unknown Source)
	at sun.reflect.DelegatingMethodAccessorImpl.invoke(DelegatingMethodAccessorImpl.java:43)
	at java.lang.reflect.Method.invoke(Method.java:498)
	at org.eclipse.lsp4j.jsonrpc.services.GenericEndpoint.lambda$null$0(GenericEndpoint.java:65)
	... 11 more
Caused by: java.nio.file.FileSystemNotFoundException: Provider "git" not installed
	at java.nio.file.Paths.get(Paths.java:147)
	at scala.meta.internal.mtags.MtagsEnrichments$XtensionURIMtags.toAbsolutePath(MtagsEnrichments.scala:117)
	at scala.meta.internal.mtags.MtagsEnrichments$XtensionStringMtags.toAbsolutePath(MtagsEnrichments.scala:143)
	at scala.meta.internal.metals.MetalsEnrichments$XtensionString.toAbsolutePath(MetalsEnrichments.scala:609)
	at scala.meta.internal.metals.MetalsEnrichments$XtensionString.toAbsolutePath(MetalsEnrichments.scala:606)
	at scala.meta.internal.metals.MetalsLanguageServer.didFocus(MetalsLanguageServer.scala:1169)
	... 15 more

Nov 27, 2022 6:19:21 PM org.eclipse.lsp4j.jsonrpc.RemoteEndpoint handleNotification
WARNING: Notification threw an exception: {
  "jsonrpc": "2.0",
  "method": "metals/didFocusTextDocument",
  "params": [
    "git:/c%3A/Users/Matt/sync/homeCloud/git/adventOfCode/sessions/20221127/y2015/d1/p1.scala?%7B%22path%22%3A%22c%3A%5C%5CUsers%5C%5CMatt%5C%5Csync%5C%5ChomeCloud%5C%5Cgit%5C%5CadventOfCode%5C%5Csessions%5C%5C20221127%5C%5Cy2015%5C%5Cd1%5C%5Cp1.scala%22%2C%22ref%22%3A%22%22%7D"
  ]
}
java.lang.RuntimeException: java.lang.reflect.InvocationTargetException
	at org.eclipse.lsp4j.jsonrpc.services.GenericEndpoint.lambda$null$0(GenericEndpoint.java:67)
	at org.eclipse.lsp4j.jsonrpc.services.GenericEndpoint.notify(GenericEndpoint.java:152)
	at org.eclipse.lsp4j.jsonrpc.RemoteEndpoint.handleNotification(RemoteEndpoint.java:220)
	at org.eclipse.lsp4j.jsonrpc.RemoteEndpoint.consume(RemoteEndpoint.java:187)
	at org.eclipse.lsp4j.jsonrpc.json.StreamMessageProducer.handleMessage(StreamMessageProducer.java:194)
	at org.eclipse.lsp4j.jsonrpc.json.StreamMessageProducer.listen(StreamMessageProducer.java:94)
	at org.eclipse.lsp4j.jsonrpc.json.ConcurrentMessageProcessor.run(ConcurrentMessageProcessor.java:113)
	at java.util.concurrent.Executors$RunnableAdapter.call(Executors.java:511)
	at java.util.concurrent.FutureTask.run(FutureTask.java:266)
	at java.util.concurrent.ThreadPoolExecutor.runWorker(ThreadPoolExecutor.java:1149)
	at java.util.concurrent.ThreadPoolExecutor$Worker.run(ThreadPoolExecutor.java:624)
	at java.lang.Thread.run(Thread.java:748)
Caused by: java.lang.reflect.InvocationTargetException
	at sun.reflect.GeneratedMethodAccessor14.invoke(Unknown Source)
	at sun.reflect.DelegatingMethodAccessorImpl.invoke(DelegatingMethodAccessorImpl.java:43)
	at java.lang.reflect.Method.invoke(Method.java:498)
	at org.eclipse.lsp4j.jsonrpc.services.GenericEndpoint.lambda$null$0(GenericEndpoint.java:65)
	... 11 more
Caused by: java.nio.file.FileSystemNotFoundException: Provider "git" not installed
	at java.nio.file.Paths.get(Paths.java:147)
	at scala.meta.internal.mtags.MtagsEnrichments$XtensionURIMtags.toAbsolutePath(MtagsEnrichments.scala:117)
	at scala.meta.internal.mtags.MtagsEnrichments$XtensionStringMtags.toAbsolutePath(MtagsEnrichments.scala:143)
	at scala.meta.internal.metals.MetalsEnrichments$XtensionString.toAbsolutePath(MetalsEnrichments.scala:609)
	at scala.meta.internal.metals.MetalsEnrichments$XtensionString.toAbsolutePath(MetalsEnrichments.scala:606)
	at scala.meta.internal.metals.MetalsLanguageServer.didFocus(MetalsLanguageServer.scala:1169)
	... 15 more

2022.11.27 18:20:22 INFO  shutting down Metals
2022.11.27 18:20:42 INFO  tracing is disabled for protocol LSP, to enable tracing of incoming and outgoing JSON messages create an empty file at c:\Users\Matt\sync\homeCloud\git\adventOfCode\.metals\lsp.trace.json or C:\Users\Matt\AppData\Local\scalameta\metals\cache\lsp.trace.json
2022.11.27 18:20:43 INFO  logging to file C:\Users\Matt\sync\homeCloud\git\adventOfCode\.metals\metals.log
2022.11.27 18:20:43 INFO  Started: Metals version 0.11.9 in workspace 'C:\Users\Matt\sync\homeCloud\git\adventOfCode' for client Visual Studio Code 1.73.1.
2022.11.27 18:20:45 INFO  time: initialize in 2.28s
2022.11.27 18:20:46 WARN  Build server is not auto-connectable.
2022.11.27 18:20:46 WARN  no build tool detected in workspace 'C:\Users\Matt\sync\homeCloud\git\adventOfCode'. The most common cause for this problem is that the editor was opened in the wrong working directory, for example if you use sbt then the workspace directory should contain build.sbt. 
2022.11.27 18:20:45 WARN  no build target for: C:\Users\Matt\sync\homeCloud\git\adventOfCode\sessions\20221127\y2015\d1\p2.scala
2022.11.27 18:20:48 INFO  no build target found for C:\Users\Matt\sync\homeCloud\git\adventOfCode\sessions\20221127\y2015\d1\p2.scala. Using presentation compiler with project's scala-library version: 3.2.0
2022.11.27 18:20:52 INFO  time: code lens generation in 5.11s
2022.11.27 19:20:26 WARN  no build target for: C:\Users\Matt\sync\homeCloud\git\adventOfCode\sessions\20221127\y2015\d1\p1.scala
2022.11.27 19:20:29 WARN  no build target for: C:\Users\Matt\sync\homeCloud\git\adventOfCode\sessions\20221127\y2015\d2\p1.scala
2022.11.27 20:35:24 WARN  no build target for: C:\Users\Matt\sync\homeCloud\git\adventOfCode\sessions\20221127\y2015\d2\p1.scala
2022.11.27 20:36:30 WARN  no build target for: C:\Users\Matt\sync\homeCloud\git\adventOfCode\sessions\20221127\y2015\d2\p1.scala
Nov 27, 2022 8:36:33 PM org.eclipse.lsp4j.jsonrpc.RemoteEndpoint handleCancellation
WARNING: Unmatched cancel notification for request id 144
2022.11.27 20:38:10 WARN  no build target for: C:\Users\Matt\sync\homeCloud\git\adventOfCode\sessions\20221127\y2015\d2\p1.scala
2022.11.27 20:38:13 WARN  no build target for: C:\Users\Matt\sync\homeCloud\git\adventOfCode\sessions\20221127\y2015\d2\p1.scala
Nov 27, 2022 8:40:10 PM org.eclipse.lsp4j.jsonrpc.RemoteEndpoint handleCancellation
WARNING: Unmatched cancel notification for request id 261
2022.11.27 20:40:10 WARN  no build target for: C:\Users\Matt\sync\homeCloud\git\adventOfCode\sessions\20221127\y2015\d2\p1.scala
2022.11.27 20:40:13 WARN  no build target for: C:\Users\Matt\sync\homeCloud\git\adventOfCode\sessions\20221127\y2015\d2\p1.scala
2022.11.27 20:40:56 WARN  no build target for: C:\Users\Matt\sync\homeCloud\git\adventOfCode\sessions\20221127\y2015\d2\p1.scala
Nov 27, 2022 8:41:05 PM org.eclipse.lsp4j.jsonrpc.RemoteEndpoint handleCancellation
WARNING: Unmatched cancel notification for request id 432
2022.11.27 20:41:22 WARN  no build target for: C:\Users\Matt\sync\homeCloud\git\adventOfCode\sessions\20221127\y2015\d2\p1.scala
2022.11.27 20:41:47 WARN  no build target for: C:\Users\Matt\sync\homeCloud\git\adventOfCode\sessions\20221127\y2015\d2\p1.scala
2022.11.27 20:41:55 WARN  no build target for: C:\Users\Matt\sync\homeCloud\git\adventOfCode\sessions\20221127\y2015\d2\p1.scala
2022.11.27 20:42:14 WARN  no build target for: C:\Users\Matt\sync\homeCloud\git\adventOfCode\sessions\20221127\y2015\d2\p1.scala
2022.11.27 20:42:22 WARN  no build target for: C:\Users\Matt\sync\homeCloud\git\adventOfCode\sessions\20221127\y2015\d2\p1.scala
2022.11.27 20:42:41 INFO  shutting down Metals
2022.11.27 20:42:46 INFO  tracing is disabled for protocol LSP, to enable tracing of incoming and outgoing JSON messages create an empty file at c:\Users\Matt\sync\homeCloud\git\adventOfCode\.metals\lsp.trace.json or C:\Users\Matt\AppData\Local\scalameta\metals\cache\lsp.trace.json
2022.11.27 20:42:47 INFO  logging to file C:\Users\Matt\sync\homeCloud\git\adventOfCode\.metals\metals.log
2022.11.27 20:42:47 INFO  Started: Metals version 0.11.9 in workspace 'C:\Users\Matt\sync\homeCloud\git\adventOfCode' for client Visual Studio Code 1.73.1.
2022.11.27 20:42:50 INFO  time: initialize in 2.37s
2022.11.27 20:42:50 WARN  Build server is not auto-connectable.
2022.11.27 20:42:50 WARN  no build tool detected in workspace 'C:\Users\Matt\sync\homeCloud\git\adventOfCode'. The most common cause for this problem is that the editor was opened in the wrong working directory, for example if you use sbt then the workspace directory should contain build.sbt. 
2022.11.27 20:42:50 WARN  no build target for: C:\Users\Matt\sync\homeCloud\git\adventOfCode\sessions\20221127\y2015\d2\p1.scala
2022.11.27 20:42:50 WARN  no build target for: C:\Users\Matt\sync\homeCloud\git\adventOfCode\sessions\20221127\y2015\d1\p1.scala
2022.11.27 20:42:50 WARN  no build target for: C:\Users\Matt\sync\homeCloud\git\adventOfCode\sessions\20221127\y2015\d1\p2.scala
2022.11.27 20:42:53 INFO  no build target found for C:\Users\Matt\sync\homeCloud\git\adventOfCode\sessions\20221127\y2015\d2\p1.scala. Using presentation compiler with project's scala-library version: 3.2.0
2022.11.27 20:42:57 INFO  time: code lens generation in 2.46s
2022.11.27 20:42:57 INFO  time: code lens generation in 6.08s
2022.11.27 20:43:06 WARN  no build target for: C:\Users\Matt\sync\homeCloud\git\adventOfCode\sessions\20221127\y2015\d2\p1.scala
2022.11.27 20:44:08 WARN  no build target for: C:\Users\Matt\sync\homeCloud\git\adventOfCode\sessions\20221127\y2015\d2\p1.scala
2022.11.27 20:44:29 WARN  no build target for: C:\Users\Matt\sync\homeCloud\git\adventOfCode\sessions\20221127\y2015\d2\p1.scala
Nov 27, 2022 8:44:47 PM org.eclipse.lsp4j.jsonrpc.RemoteEndpoint handleCancellation
WARNING: Unmatched cancel notification for request id 88
2022.11.27 20:45:07 WARN  no build target for: C:\Users\Matt\sync\homeCloud\git\adventOfCode\sessions\20221127\y2015\d2\p1.scala
2022.11.27 20:45:31 WARN  no build target for: C:\Users\Matt\sync\homeCloud\git\adventOfCode\sessions\20221127\y2015\d2\p1.scala
2022.11.27 20:46:05 WARN  no build target for: C:\Users\Matt\sync\homeCloud\git\adventOfCode\sessions\20221127\y2015\d2\p1.scala
2022.11.27 20:47:37 WARN  no build target for: C:\Users\Matt\sync\homeCloud\git\adventOfCode\sessions\20221127\y2015\d2\p1.scala
2022.11.27 20:47:43 WARN  no build target for: C:\Users\Matt\sync\homeCloud\git\adventOfCode\sessions\20221127\y2015\d2\p1.scala
Nov 27, 2022 8:59:23 PM org.eclipse.lsp4j.jsonrpc.RemoteEndpoint handleCancellation
WARNING: Unmatched cancel notification for request id 468
2022.11.27 20:59:37 WARN  no build target for: C:\Users\Matt\sync\homeCloud\git\adventOfCode\sessions\20221127\y2015\d2\p1.scala
Nov 27, 2022 9:00:42 PM org.eclipse.lsp4j.jsonrpc.RemoteEndpoint handleCancellation
WARNING: Unmatched cancel notification for request id 567
2022.11.27 21:00:46 WARN  no build target for: C:\Users\Matt\sync\homeCloud\git\adventOfCode\sessions\20221127\y2015\d2\p1.scala
2022.11.27 21:02:46 WARN  no build target for: C:\Users\Matt\sync\homeCloud\git\adventOfCode\sessions\20221127\y2015\d2\p1.scala
2022.11.27 21:02:52 WARN  no build target for: C:\Users\Matt\sync\homeCloud\git\adventOfCode\sessions\20221127\y2015\d2\p1.scala
2022.11.27 21:03:11 WARN  no build target for: C:\Users\Matt\sync\homeCloud\git\adventOfCode\sessions\20221127\y2015\d2\p1.scala
2022.11.27 21:03:22 WARN  no build target for: C:\Users\Matt\sync\homeCloud\git\adventOfCode\sessions\20221127\y2015\d2\p1.scala
2022.11.27 21:03:28 WARN  no build target for: C:\Users\Matt\sync\homeCloud\git\adventOfCode\sessions\20221127\y2015\d2\p1.scala
2022.11.27 21:03:53 WARN  no build target for: C:\Users\Matt\sync\homeCloud\git\adventOfCode\sessions\20221127\y2015\d2\p1.scala
Nov 27, 2022 9:04:39 PM org.eclipse.lsp4j.jsonrpc.RemoteEndpoint handleCancellation
WARNING: Unmatched cancel notification for request id 857
2022.11.27 21:04:41 WARN  no build target for: C:\Users\Matt\sync\homeCloud\git\adventOfCode\sessions\20221127\y2015\d2\p1.scala
2022.11.27 21:04:45 WARN  no build target for: C:\Users\Matt\sync\homeCloud\git\adventOfCode\sessions\20221127\y2015\d2\p1.scala
2022.11.27 21:05:50 WARN  no build target for: C:\Users\Matt\sync\homeCloud\git\adventOfCode\sessions\20221127\y2015\d2\p1.scala
2022.11.27 21:06:13 WARN  no build target for: C:\Users\Matt\sync\homeCloud\git\adventOfCode\sessions\20221127\y2015\d2\p1.scala
2022.11.27 21:06:35 WARN  no build target for: C:\Users\Matt\sync\homeCloud\git\adventOfCode\sessions\20221127\y2015\d2\p1.scala
2022.11.27 21:06:52 WARN  no build target for: C:\Users\Matt\sync\homeCloud\git\adventOfCode\sessions\20221127\y2015\d2\p1.scala
2022.11.27 21:07:04 ERROR Could not find the correct names for arguments at TextDocumentPositionParams [
  textDocument = TextDocumentIdentifier [
    uri = "file:///c%3A/Users/Matt/sync/homeCloud/git/adventOfCode/sessions/20221127/y2015/d2/p1.scala"
  ]
  position = Position [
    line = 19
    character = 26
  ]
] with indices 0
2022.11.27 21:07:29 WARN  no build target for: C:\Users\Matt\sync\homeCloud\git\adventOfCode\sessions\20221127\y2015\d2\p1.scala
2022.11.27 21:07:49 WARN  no build target for: C:\Users\Matt\sync\homeCloud\git\adventOfCode\sessions\20221127\y2015\d2\p1.scala
2022.11.27 21:08:30 WARN  no build target for: C:\Users\Matt\sync\homeCloud\git\adventOfCode\sessions\20221127\y2015\d2\p1.scala
2022.11.27 21:08:36 WARN  no build target for: C:\Users\Matt\sync\homeCloud\git\adventOfCode\sessions\20221127\y2015\d2\p1.scala
2022.11.27 21:11:55 WARN  no build target for: C:\Users\Matt\sync\homeCloud\git\adventOfCode\sessions\20221127\y2015\d2\p1.scala
2022.11.27 21:12:04 WARN  no build target for: C:\Users\Matt\sync\homeCloud\git\adventOfCode\sessions\20221127\y2015\d2\p1.scala
2022.11.27 21:12:07 WARN  no build target for: C:\Users\Matt\sync\homeCloud\git\adventOfCode\sessions\20221127\y2015\d2\p1.scala
2022.11.27 21:12:17 WARN  no build target for: C:\Users\Matt\sync\homeCloud\git\adventOfCode\sessions\20221127\y2015\d2\p1.scala
2022.11.27 21:13:19 WARN  no build target for: C:\Users\Matt\sync\homeCloud\git\adventOfCode\sessions\20221127\y2015\d2\p1.scala
Nov 27, 2022 9:13:30 PM org.eclipse.lsp4j.jsonrpc.RemoteEndpoint handleCancellation
WARNING: Unmatched cancel notification for request id 1365
2022.11.27 21:14:31 WARN  no build target for: C:\Users\Matt\sync\homeCloud\git\adventOfCode\sessions\20221127\y2015\d2\p1.scala
2022.11.27 21:14:48 WARN  no build target for: C:\Users\Matt\sync\homeCloud\git\adventOfCode\sessions\20221127\y2015\d2\p1.scala
2022.11.27 21:15:03 WARN  no build target for: C:\Users\Matt\sync\homeCloud\git\adventOfCode\sessions\20221127\y2015\d2\p1.scala
2022.11.27 21:15:46 WARN  no build target for: C:\Users\Matt\sync\homeCloud\git\adventOfCode\sessions\20221127\y2015\d2\p1.scala
Nov 27, 2022 9:17:33 PM scala.meta.internal.pc.CompilerAccess handleError
SEVERE: NoDenotation.owner
java.lang.AssertionError: NoDenotation.owner
	at dotty.tools.dotc.core.SymDenotations$NoDenotation$.owner(SymDenotations.scala:2499)
	at scala.meta.internal.pc.SignatureHelpProvider$.isValid(SignatureHelpProvider.scala:88)
	at scala.meta.internal.pc.SignatureHelpProvider$.notCurrentApply(SignatureHelpProvider.scala:101)
	at scala.meta.internal.pc.SignatureHelpProvider$.$anonfun$1(SignatureHelpProvider.scala:49)
	at scala.collection.StrictOptimizedLinearSeqOps.loop$3(LinearSeq.scala:280)
	at scala.collection.StrictOptimizedLinearSeqOps.dropWhile(LinearSeq.scala:282)
	at scala.collection.StrictOptimizedLinearSeqOps.dropWhile$(LinearSeq.scala:278)
	at scala.collection.immutable.List.dropWhile(List.scala:79)
	at scala.meta.internal.pc.SignatureHelpProvider$.signatureHelp(SignatureHelpProvider.scala:49)

Nov 27, 2022 9:17:34 PM scala.meta.internal.pc.CompilerAccess handleError
SEVERE: NoDenotation.owner
java.lang.AssertionError: NoDenotation.owner
	at dotty.tools.dotc.core.SymDenotations$NoDenotation$.owner(SymDenotations.scala:2499)
	at scala.meta.internal.pc.SignatureHelpProvider$.isValid(SignatureHelpProvider.scala:88)
	at scala.meta.internal.pc.SignatureHelpProvider$.notCurrentApply(SignatureHelpProvider.scala:101)
	at scala.meta.internal.pc.SignatureHelpProvider$.$anonfun$1(SignatureHelpProvider.scala:49)
	at scala.collection.StrictOptimizedLinearSeqOps.loop$3(LinearSeq.scala:280)
	at scala.collection.StrictOptimizedLinearSeqOps.dropWhile(LinearSeq.scala:282)
	at scala.collection.StrictOptimizedLinearSeqOps.dropWhile$(LinearSeq.scala:278)
	at scala.collection.immutable.List.dropWhile(List.scala:79)
	at scala.meta.internal.pc.SignatureHelpProvider$.signatureHelp(SignatureHelpProvider.scala:49)

2022.11.27 21:19:44 WARN  no build target for: C:\Users\Matt\sync\homeCloud\git\adventOfCode\sessions\20221127\y2015\d2\p1.scala
2022.11.27 21:19:49 WARN  no build target for: C:\Users\Matt\sync\homeCloud\git\adventOfCode\sessions\20221127\y2015\d2\p1.scala
2022.11.27 21:19:50 WARN  no build target for: C:\Users\Matt\sync\homeCloud\git\adventOfCode\sessions\20221127\y2015\d2\p1.scala
2022.11.27 21:19:59 WARN  no build target for: C:\Users\Matt\sync\homeCloud\git\adventOfCode\sessions\20221127\y2015\d2\p1.scala
Exception in thread "pool-3-thread-1" java.lang.Error: java.lang.InterruptedException
	at java.util.concurrent.ThreadPoolExecutor.runWorker(ThreadPoolExecutor.java:1155)
	at java.util.concurrent.ThreadPoolExecutor$Worker.run(ThreadPoolExecutor.java:624)
	at java.lang.Thread.run(Thread.java:748)
Caused by: java.lang.InterruptedException
	at scala.meta.internal.metals.FutureCancelToken.checkCanceled(FutureCancelToken.scala:29)
	at scala.meta.internal.pc.CompilerAccess.onCompilerJobQueue$$anonfun$1(CompilerAccess.scala:195)
	at scala.meta.internal.pc.CompilerJobQueue$Job.run(CompilerJobQueue.scala:152)
	at java.util.concurrent.ThreadPoolExecutor.runWorker(ThreadPoolExecutor.java:1149)
	... 2 more
2022.11.27 21:19:59 WARN  no build target for: C:\Users\Matt\sync\homeCloud\git\adventOfCode\sessions\20221127\y2015\d2\p1.scala
2022.11.27 21:20:01 WARN  no build target for: C:\Users\Matt\sync\homeCloud\git\adventOfCode\sessions\20221127\y2015\d2\p1.scala
2022.11.27 21:20:07 WARN  no build target for: C:\Users\Matt\sync\homeCloud\git\adventOfCode\sessions\20221127\y2015\d2\p1.scala
2022.11.27 21:20:12 WARN  no build target for: C:\Users\Matt\sync\homeCloud\git\adventOfCode\sessions\20221127\y2015\d2\p1.scala
2022.11.27 21:21:26 WARN  no build target for: C:\Users\Matt\sync\homeCloud\git\adventOfCode\sessions\20221127\y2015\d2\p1.scala
2022.11.27 21:21:59 WARN  no build target for: C:\Users\Matt\sync\homeCloud\git\adventOfCode\sessions\20221127\y2015\d2\p1.scala
2022.11.27 21:22:31 WARN  no build target for: C:\Users\Matt\sync\homeCloud\git\adventOfCode\sessions\20221127\y2015\d2\p1.scala
2022.11.27 21:22:36 WARN  no build target for: C:\Users\Matt\sync\homeCloud\git\adventOfCode\sessions\20221127\y2015\d2\p1.scala
2022.11.27 21:27:22 WARN  no build target for: C:\Users\Matt\sync\homeCloud\git\adventOfCode\sessions\20221127\y2015\d2\p1.scala
2022.11.27 21:27:51 WARN  no build target for: C:\Users\Matt\sync\homeCloud\git\adventOfCode\sessions\20221127\y2015\d2\p1.scala
2022.11.27 21:28:02 WARN  no build target for: C:\Users\Matt\sync\homeCloud\git\adventOfCode\sessions\20221127\y2015\d2\p1.scala
2022.11.27 21:28:45 WARN  no build target for: C:\Users\Matt\sync\homeCloud\git\adventOfCode\sessions\20221127\y2015\d2\p1.scala
2022.11.27 21:28:57 WARN  no build target for: C:\Users\Matt\sync\homeCloud\git\adventOfCode\sessions\20221127\y2015\d2\p1.scala
2022.11.27 21:29:03 WARN  no build target for: C:\Users\Matt\sync\homeCloud\git\adventOfCode\sessions\20221127\y2015\d2\p1.scala
2022.11.27 21:29:06 WARN  no build target for: C:\Users\Matt\sync\homeCloud\git\adventOfCode\sessions\20221127\y2015\d2\p1.scala
2022.11.27 21:29:29 WARN  no build target for: C:\Users\Matt\sync\homeCloud\git\adventOfCode\sessions\20221127\y2015\d2\p1.scala
Nov 27, 2022 9:29:32 PM org.eclipse.lsp4j.jsonrpc.RemoteEndpoint handleCancellation
WARNING: Unmatched cancel notification for request id 2257
2022.11.27 21:30:52 WARN  no build target for: C:\Users\Matt\sync\homeCloud\git\adventOfCode\sessions\20221127\y2015\d2\p1.scala
